[2020-06-17 12:53:26,759] {taskinstance.py:669} INFO - Dependencies all met for <TaskInstance: tutorial-1.templated 2015-06-01T00:00:00+00:00 [queued]>
[2020-06-17 12:53:26,769] {taskinstance.py:669} INFO - Dependencies all met for <TaskInstance: tutorial-1.templated 2015-06-01T00:00:00+00:00 [queued]>
[2020-06-17 12:53:26,769] {taskinstance.py:879} INFO - 
--------------------------------------------------------------------------------
[2020-06-17 12:53:26,769] {taskinstance.py:880} INFO - Starting attempt 1 of 2
[2020-06-17 12:53:26,769] {taskinstance.py:881} INFO - 
--------------------------------------------------------------------------------
[2020-06-17 12:53:26,774] {taskinstance.py:900} INFO - Executing <Task(BashOperator): templated> on 2015-06-01T00:00:00+00:00
[2020-06-17 12:53:26,776] {standard_task_runner.py:53} INFO - Started process 31299 to run task
[2020-06-17 12:53:26,827] {logging_mixin.py:112} INFO - Running %s on host %s <TaskInstance: tutorial-1.templated 2015-06-01T00:00:00+00:00 [running]> ip-10-8-0-10.ec2.internal
[2020-06-17 12:53:26,850] {bash_operator.py:82} INFO - Tmp dir root location: 
 /var/folders/g3/k1xcc11121ng570d4_r9qdwc0000gn/T
[2020-06-17 12:53:26,851] {bash_operator.py:105} INFO - Temporary script location: /var/folders/g3/k1xcc11121ng570d4_r9qdwc0000gn/T/airflowtmpd85b9hf7/templatedo1zdh3u5
[2020-06-17 12:53:26,851] {bash_operator.py:115} INFO - Running command: 

  echo "2015-06-01"
  echo "2015-06-08"
  echo "Parameter I passed in"

  echo "2015-06-01"
  echo "2015-06-08"
  echo "Parameter I passed in"

  echo "2015-06-01"
  echo "2015-06-08"
  echo "Parameter I passed in"

  echo "2015-06-01"
  echo "2015-06-08"
  echo "Parameter I passed in"

  echo "2015-06-01"
  echo "2015-06-08"
  echo "Parameter I passed in"

[2020-06-17 12:53:26,857] {bash_operator.py:122} INFO - Output:
[2020-06-17 12:53:26,859] {bash_operator.py:126} INFO - 2015-06-01
[2020-06-17 12:53:26,860] {bash_operator.py:126} INFO - 2015-06-08
[2020-06-17 12:53:26,860] {bash_operator.py:126} INFO - Parameter I passed in
[2020-06-17 12:53:26,860] {bash_operator.py:126} INFO - 2015-06-01
[2020-06-17 12:53:26,860] {bash_operator.py:126} INFO - 2015-06-08
[2020-06-17 12:53:26,861] {bash_operator.py:126} INFO - Parameter I passed in
[2020-06-17 12:53:26,861] {bash_operator.py:126} INFO - 2015-06-01
[2020-06-17 12:53:26,861] {bash_operator.py:126} INFO - 2015-06-08
[2020-06-17 12:53:26,861] {bash_operator.py:126} INFO - Parameter I passed in
[2020-06-17 12:53:26,862] {bash_operator.py:126} INFO - 2015-06-01
[2020-06-17 12:53:26,862] {bash_operator.py:126} INFO - 2015-06-08
[2020-06-17 12:53:26,862] {bash_operator.py:126} INFO - Parameter I passed in
[2020-06-17 12:53:26,863] {bash_operator.py:126} INFO - 2015-06-01
[2020-06-17 12:53:26,863] {bash_operator.py:126} INFO - 2015-06-08
[2020-06-17 12:53:26,863] {bash_operator.py:126} INFO - Parameter I passed in
[2020-06-17 12:53:26,863] {bash_operator.py:130} INFO - Command exited with return code 0
[2020-06-17 12:53:26,869] {taskinstance.py:1065} INFO - Marking task as SUCCESS.dag_id=tutorial-1, task_id=templated, execution_date=20150601T000000, start_date=20200617T195326, end_date=20200617T195326
[2020-06-17 12:53:36,757] {logging_mixin.py:112} INFO - [2020-06-17 12:53:36,756] {local_task_job.py:103} INFO - Task exited with return code 0
