[2020-06-17 12:54:11,783] {taskinstance.py:669} INFO - Dependencies all met for <TaskInstance: tutorial-1.templated 2015-06-05T00:00:00+00:00 [queued]>
[2020-06-17 12:54:11,792] {taskinstance.py:669} INFO - Dependencies all met for <TaskInstance: tutorial-1.templated 2015-06-05T00:00:00+00:00 [queued]>
[2020-06-17 12:54:11,792] {taskinstance.py:879} INFO - 
--------------------------------------------------------------------------------
[2020-06-17 12:54:11,792] {taskinstance.py:880} INFO - Starting attempt 1 of 2
[2020-06-17 12:54:11,792] {taskinstance.py:881} INFO - 
--------------------------------------------------------------------------------
[2020-06-17 12:54:11,816] {taskinstance.py:900} INFO - Executing <Task(BashOperator): templated> on 2015-06-05T00:00:00+00:00
[2020-06-17 12:54:11,818] {standard_task_runner.py:53} INFO - Started process 31471 to run task
[2020-06-17 12:54:11,888] {logging_mixin.py:112} INFO - Running %s on host %s <TaskInstance: tutorial-1.templated 2015-06-05T00:00:00+00:00 [running]> ip-10-8-0-10.ec2.internal
[2020-06-17 12:54:11,910] {bash_operator.py:82} INFO - Tmp dir root location: 
 /var/folders/g3/k1xcc11121ng570d4_r9qdwc0000gn/T
[2020-06-17 12:54:11,911] {bash_operator.py:105} INFO - Temporary script location: /var/folders/g3/k1xcc11121ng570d4_r9qdwc0000gn/T/airflowtmp2uaxepg3/templatedwkjofblf
[2020-06-17 12:54:11,911] {bash_operator.py:115} INFO - Running command: 

  echo "2015-06-05"
  echo "2015-06-12"
  echo "Parameter I passed in"

  echo "2015-06-05"
  echo "2015-06-12"
  echo "Parameter I passed in"

  echo "2015-06-05"
  echo "2015-06-12"
  echo "Parameter I passed in"

  echo "2015-06-05"
  echo "2015-06-12"
  echo "Parameter I passed in"

  echo "2015-06-05"
  echo "2015-06-12"
  echo "Parameter I passed in"

[2020-06-17 12:54:11,916] {bash_operator.py:122} INFO - Output:
[2020-06-17 12:54:11,918] {bash_operator.py:126} INFO - 2015-06-05
[2020-06-17 12:54:11,919] {bash_operator.py:126} INFO - 2015-06-12
[2020-06-17 12:54:11,919] {bash_operator.py:126} INFO - Parameter I passed in
[2020-06-17 12:54:11,919] {bash_operator.py:126} INFO - 2015-06-05
[2020-06-17 12:54:11,920] {bash_operator.py:126} INFO - 2015-06-12
[2020-06-17 12:54:11,920] {bash_operator.py:126} INFO - Parameter I passed in
[2020-06-17 12:54:11,920] {bash_operator.py:126} INFO - 2015-06-05
[2020-06-17 12:54:11,920] {bash_operator.py:126} INFO - 2015-06-12
[2020-06-17 12:54:11,921] {bash_operator.py:126} INFO - Parameter I passed in
[2020-06-17 12:54:11,921] {bash_operator.py:126} INFO - 2015-06-05
[2020-06-17 12:54:11,921] {bash_operator.py:126} INFO - 2015-06-12
[2020-06-17 12:54:11,921] {bash_operator.py:126} INFO - Parameter I passed in
[2020-06-17 12:54:11,922] {bash_operator.py:126} INFO - 2015-06-05
[2020-06-17 12:54:11,922] {bash_operator.py:126} INFO - 2015-06-12
[2020-06-17 12:54:11,922] {bash_operator.py:126} INFO - Parameter I passed in
[2020-06-17 12:54:11,922] {bash_operator.py:130} INFO - Command exited with return code 0
[2020-06-17 12:54:11,928] {taskinstance.py:1065} INFO - Marking task as SUCCESS.dag_id=tutorial-1, task_id=templated, execution_date=20150605T000000, start_date=20200617T195411, end_date=20200617T195411
[2020-06-17 12:54:21,765] {logging_mixin.py:112} INFO - [2020-06-17 12:54:21,764] {local_task_job.py:103} INFO - Task exited with return code 0
