[2020-06-17 12:53:49,334] {taskinstance.py:669} INFO - Dependencies all met for <TaskInstance: tutorial-1.templated 2015-06-03T00:00:00+00:00 [queued]>
[2020-06-17 12:53:49,343] {taskinstance.py:669} INFO - Dependencies all met for <TaskInstance: tutorial-1.templated 2015-06-03T00:00:00+00:00 [queued]>
[2020-06-17 12:53:49,343] {taskinstance.py:879} INFO - 
--------------------------------------------------------------------------------
[2020-06-17 12:53:49,343] {taskinstance.py:880} INFO - Starting attempt 1 of 2
[2020-06-17 12:53:49,343] {taskinstance.py:881} INFO - 
--------------------------------------------------------------------------------
[2020-06-17 12:53:49,380] {taskinstance.py:900} INFO - Executing <Task(BashOperator): templated> on 2015-06-03T00:00:00+00:00
[2020-06-17 12:53:49,382] {standard_task_runner.py:53} INFO - Started process 31351 to run task
[2020-06-17 12:53:49,458] {logging_mixin.py:112} INFO - Running %s on host %s <TaskInstance: tutorial-1.templated 2015-06-03T00:00:00+00:00 [running]> ip-10-8-0-10.ec2.internal
[2020-06-17 12:53:49,481] {bash_operator.py:82} INFO - Tmp dir root location: 
 /var/folders/g3/k1xcc11121ng570d4_r9qdwc0000gn/T
[2020-06-17 12:53:49,482] {bash_operator.py:105} INFO - Temporary script location: /var/folders/g3/k1xcc11121ng570d4_r9qdwc0000gn/T/airflowtmp0ph2m4l1/templated0yn2m_hi
[2020-06-17 12:53:49,482] {bash_operator.py:115} INFO - Running command: 

  echo "2015-06-03"
  echo "2015-06-10"
  echo "Parameter I passed in"

  echo "2015-06-03"
  echo "2015-06-10"
  echo "Parameter I passed in"

  echo "2015-06-03"
  echo "2015-06-10"
  echo "Parameter I passed in"

  echo "2015-06-03"
  echo "2015-06-10"
  echo "Parameter I passed in"

  echo "2015-06-03"
  echo "2015-06-10"
  echo "Parameter I passed in"

[2020-06-17 12:53:49,489] {bash_operator.py:122} INFO - Output:
[2020-06-17 12:53:49,492] {bash_operator.py:126} INFO - 2015-06-03
[2020-06-17 12:53:49,492] {bash_operator.py:126} INFO - 2015-06-10
[2020-06-17 12:53:49,493] {bash_operator.py:126} INFO - Parameter I passed in
[2020-06-17 12:53:49,493] {bash_operator.py:126} INFO - 2015-06-03
[2020-06-17 12:53:49,493] {bash_operator.py:126} INFO - 2015-06-10
[2020-06-17 12:53:49,494] {bash_operator.py:126} INFO - Parameter I passed in
[2020-06-17 12:53:49,494] {bash_operator.py:126} INFO - 2015-06-03
[2020-06-17 12:53:49,494] {bash_operator.py:126} INFO - 2015-06-10
[2020-06-17 12:53:49,494] {bash_operator.py:126} INFO - Parameter I passed in
[2020-06-17 12:53:49,495] {bash_operator.py:126} INFO - 2015-06-03
[2020-06-17 12:53:49,495] {bash_operator.py:126} INFO - 2015-06-10
[2020-06-17 12:53:49,495] {bash_operator.py:126} INFO - Parameter I passed in
[2020-06-17 12:53:49,495] {bash_operator.py:126} INFO - 2015-06-03
[2020-06-17 12:53:49,496] {bash_operator.py:126} INFO - 2015-06-10
[2020-06-17 12:53:49,496] {bash_operator.py:126} INFO - Parameter I passed in
[2020-06-17 12:53:49,496] {bash_operator.py:130} INFO - Command exited with return code 0
[2020-06-17 12:53:49,503] {taskinstance.py:1065} INFO - Marking task as SUCCESS.dag_id=tutorial-1, task_id=templated, execution_date=20150603T000000, start_date=20200617T195349, end_date=20200617T195349
[2020-06-17 12:53:59,304] {logging_mixin.py:112} INFO - [2020-06-17 12:53:59,303] {local_task_job.py:103} INFO - Task exited with return code 0
