[2020-06-17 12:54:00,559] {taskinstance.py:669} INFO - Dependencies all met for <TaskInstance: tutorial-1.templated 2015-06-04T00:00:00+00:00 [queued]>
[2020-06-17 12:54:00,569] {taskinstance.py:669} INFO - Dependencies all met for <TaskInstance: tutorial-1.templated 2015-06-04T00:00:00+00:00 [queued]>
[2020-06-17 12:54:00,569] {taskinstance.py:879} INFO - 
--------------------------------------------------------------------------------
[2020-06-17 12:54:00,569] {taskinstance.py:880} INFO - Starting attempt 1 of 2
[2020-06-17 12:54:00,569] {taskinstance.py:881} INFO - 
--------------------------------------------------------------------------------
[2020-06-17 12:54:00,574] {taskinstance.py:900} INFO - Executing <Task(BashOperator): templated> on 2015-06-04T00:00:00+00:00
[2020-06-17 12:54:00,576] {standard_task_runner.py:53} INFO - Started process 31402 to run task
[2020-06-17 12:54:00,627] {logging_mixin.py:112} INFO - Running %s on host %s <TaskInstance: tutorial-1.templated 2015-06-04T00:00:00+00:00 [running]> ip-10-8-0-10.ec2.internal
[2020-06-17 12:54:00,649] {bash_operator.py:82} INFO - Tmp dir root location: 
 /var/folders/g3/k1xcc11121ng570d4_r9qdwc0000gn/T
[2020-06-17 12:54:00,650] {bash_operator.py:105} INFO - Temporary script location: /var/folders/g3/k1xcc11121ng570d4_r9qdwc0000gn/T/airflowtmpc2xwe1wr/templatedobsock1t
[2020-06-17 12:54:00,651] {bash_operator.py:115} INFO - Running command: 

  echo "2015-06-04"
  echo "2015-06-11"
  echo "Parameter I passed in"

  echo "2015-06-04"
  echo "2015-06-11"
  echo "Parameter I passed in"

  echo "2015-06-04"
  echo "2015-06-11"
  echo "Parameter I passed in"

  echo "2015-06-04"
  echo "2015-06-11"
  echo "Parameter I passed in"

  echo "2015-06-04"
  echo "2015-06-11"
  echo "Parameter I passed in"

[2020-06-17 12:54:00,657] {bash_operator.py:122} INFO - Output:
[2020-06-17 12:54:00,660] {bash_operator.py:126} INFO - 2015-06-04
[2020-06-17 12:54:00,660] {bash_operator.py:126} INFO - 2015-06-11
[2020-06-17 12:54:00,661] {bash_operator.py:126} INFO - Parameter I passed in
[2020-06-17 12:54:00,661] {bash_operator.py:126} INFO - 2015-06-04
[2020-06-17 12:54:00,661] {bash_operator.py:126} INFO - 2015-06-11
[2020-06-17 12:54:00,661] {bash_operator.py:126} INFO - Parameter I passed in
[2020-06-17 12:54:00,662] {bash_operator.py:126} INFO - 2015-06-04
[2020-06-17 12:54:00,662] {bash_operator.py:126} INFO - 2015-06-11
[2020-06-17 12:54:00,662] {bash_operator.py:126} INFO - Parameter I passed in
[2020-06-17 12:54:00,663] {bash_operator.py:126} INFO - 2015-06-04
[2020-06-17 12:54:00,663] {bash_operator.py:126} INFO - 2015-06-11
[2020-06-17 12:54:00,663] {bash_operator.py:126} INFO - Parameter I passed in
[2020-06-17 12:54:00,663] {bash_operator.py:126} INFO - 2015-06-04
[2020-06-17 12:54:00,664] {bash_operator.py:126} INFO - 2015-06-11
[2020-06-17 12:54:00,664] {bash_operator.py:126} INFO - Parameter I passed in
[2020-06-17 12:54:00,664] {bash_operator.py:130} INFO - Command exited with return code 0
[2020-06-17 12:54:00,670] {taskinstance.py:1065} INFO - Marking task as SUCCESS.dag_id=tutorial-1, task_id=templated, execution_date=20150604T000000, start_date=20200617T195400, end_date=20200617T195400
[2020-06-17 12:54:10,556] {logging_mixin.py:112} INFO - [2020-06-17 12:54:10,556] {local_task_job.py:103} INFO - Task exited with return code 0
